\BOOKMARK [1][-]{section*.7}{Introduction}{}% 1
\BOOKMARK [-1][-]{part.1}{I Pr\351sentation g\351n\351rale}{}% 2
\BOOKMARK [0][-]{chapter.1}{Contexte et probl\351matique}{part.1}% 3
\BOOKMARK [1][-]{section*.9}{Introduction}{chapter.1}% 4
\BOOKMARK [1][-]{section.1.1}{Pr\351sentation de l'entreprise}{chapter.1}% 5
\BOOKMARK [2][-]{subsection.1.1.1}{Historique}{section.1.1}% 6
\BOOKMARK [2][-]{subsection.1.1.2}{Organisation g\351n\351rale}{section.1.1}% 7
\BOOKMARK [2][-]{subsection.1.1.3}{Missions}{section.1.1}% 8
\BOOKMARK [2][-]{subsection.1.1.4}{Services et Produits}{section.1.1}% 9
\BOOKMARK [2][-]{subsection.1.1.5}{Cadre de stage}{section.1.1}% 10
\BOOKMARK [1][-]{section.1.2}{Contexte}{chapter.1}% 11
\BOOKMARK [1][-]{section.1.3}{Probl\351matique}{chapter.1}% 12
\BOOKMARK [1][-]{section.1.4}{Objectifs}{chapter.1}% 13
\BOOKMARK [2][-]{subsection.1.4.1}{Objectif g\351n\351ral}{section.1.4}% 14
\BOOKMARK [2][-]{subsection.1.4.2}{Objectif sp\351cifique}{section.1.4}% 15
\BOOKMARK [1][-]{section.1.5}{M\351thodologie}{chapter.1}% 16
\BOOKMARK [0][-]{chapter.2}{G\351n\351ralit\351s sur les....}{part.1}% 17
\BOOKMARK [-1][-]{part.2}{II Conception et test}{}% 18
\BOOKMARK [0][-]{chapter.3}{Analyse, conception et r\351alisation du syst\350me}{part.2}% 19
\BOOKMARK [0][-]{chapter.4}{R\311SULTATS ET COMMENTAIRES}{part.2}% 20
\BOOKMARK [1][-]{section*.18}{Conclusion}{chapter.4}% 21
